Geração 00/300	Score atual: 42	Score Médio: 80
Melhor individuo atualizado...
Geração 01/300	Score atual: 4	Score Médio: 75
Melhor individuo atualizado...
Geração 02/300	Score atual: 4	Score Médio: 75
Geração 03/300	Score atual: 3	Score Médio: 79
Melhor individuo atualizado...
Geração 04/300	Score atual: 3	Score Médio: 75
Geração 05/300	Score atual: 3	Score Médio: 82
Geração 06/300	Score atual: 3	Score Médio: 83
Geração 07/300	Score atual: 3	Score Médio: 78
Geração 08/300	Score atual: 3	Score Médio: 83
Geração 09/300	Score atual: 3	Score Médio: 81
Geração 10/300	Score atual: 3	Score Médio: 82
Geração 11/300	Score atual: 3	Score Médio: 69
Geração 12/300	Score atual: 2	Score Médio: 76
Melhor individuo atualizado...
Geração 13/300	Score atual: 2	Score Médio: 62
Geração 14/300	Score atual: 2	Score Médio: 67
Geração 15/300	Score atual: 2	Score Médio: 67
Geração 16/300	Score atual: 2	Score Médio: 58
Geração 17/300	Score atual: 2	Score Médio: 60
Geração 18/300	Score atual: 1	Score Médio: 56
Melhor individuo atualizado...
Geração 19/300	Score atual: 1	Score Médio: 61
Geração 20/300	Score atual: 1	Score Médio: 61
Geração 21/300	Score atual: 1	Score Médio: 68
Geração 22/300	Score atual: 1	Score Médio: 73
Geração 23/300	Score atual: 0	Score Médio: 65
Melhor individuo atualizado...
Geração 24/300	Score atual: 0	Score Médio: 57
Geração 25/300	Score atual: 0	Score Médio: 60
Geração 26/300	Score atual: 0	Score Médio: 64
Geração 27/300	Score atual: 0	Score Médio: 59
Geração 28/300	Score atual: 0	Score Médio: 56
Geração 29/300	Score atual: 0	Score Médio: 60
Geração 30/300	Score atual: 0	Score Médio: 56
Geração 31/300	Score atual: 0	Score Médio: 61
Geração 32/300	Score atual: 0	Score Médio: 58
Geração 33/300	Score atual: 0	Score Médio: 69
Geração 34/300	Score atual: 0	Score Médio: 77
Geração 35/300	Score atual: 0	Score Médio: 71
Geração 36/300	Score atual: 0	Score Médio: 69
Geração 37/300	Score atual: 0	Score Médio: 71
Geração 38/300	Score atual: 0	Score Médio: 71
Geração 39/300	Score atual: 0	Score Médio: 79
Geração 40/300	Score atual: 0	Score Médio: 87
Geração 41/300	Score atual: 0	Score Médio: 90
Geração 42/300	Score atual: 0	Score Médio: 92
Geração 43/300	Score atual: 0	Score Médio: 83
Geração 44/300	Score atual: 0	Score Médio: 90
Geração 45/300	Score atual: 0	Score Médio: 86
Geração 46/300	Score atual: 0	Score Médio: 92
Geração 47/300	Score atual: 0	Score Médio: 91
Geração 48/300	Score atual: 0	Score Médio: 78
Geração 49/300	Score atual: 0	Score Médio: 76
Geração 50/300	Score atual: 0	Score Médio: 84
Geração 51/300	Score atual: 0	Score Médio: 89
Geração 52/300	Score atual: 0	Score Médio: 89
Geração 53/300	Score atual: 0	Score Médio: 80
Geração 54/300	Score atual: 0	Score Médio: 81
Geração 55/300	Score atual: 0	Score Médio: 78
Geração 56/300	Score atual: 0	Score Médio: 80
Geração 57/300	Score atual: 0	Score Médio: 75
Geração 58/300	Score atual: 0	Score Médio: 66
Geração 59/300	Score atual: 0	Score Médio: 59
Geração 60/300	Score atual: 0	Score Médio: 68
Geração 61/300	Score atual: 0	Score Médio: 58
Geração 62/300	Score atual: 0	Score Médio: 57
Geração 63/300	Score atual: 0	Score Médio: 55
Geração 64/300	Score atual: 0	Score Médio: 56
Geração 65/300	Score atual: 0	Score Médio: 67
Geração 66/300	Score atual: 0	Score Médio: 66
Geração 67/300	Score atual: 0	Score Médio: 65
Geração 68/300	Score atual: 0	Score Médio: 66
Geração 69/300	Score atual: 0	Score Médio: 70
Geração 70/300	Score atual: 0	Score Médio: 78
Geração 71/300	Score atual: 0	Score Médio: 96
Geração 72/300	Score atual: 0	Score Médio: 102
Geração 73/300	Score atual: 0	Score Médio: 103
Geração 74/300	Score atual: 0	Score Médio: 103
Geração 75/300	Score atual: 0	Score Médio: 106
Geração 76/300	Score atual: 0	Score Médio: 88
Geração 77/300	Score atual: 0	Score Médio: 85
Geração 78/300	Score atual: 0	Score Médio: 84
Geração 79/300	Score atual: 0	Score Médio: 87
Geração 80/300	Score atual: 0	Score Médio: 96
Geração 81/300	Score atual: 0	Score Médio: 101
Geração 82/300	Score atual: 0	Score Médio: 101
Geração 83/300	Score atual: 0	Score Médio: 95
Geração 84/300	Score atual: 0	Score Médio: 111
Geração 85/300	Score atual: 0	Score Médio: 109
Geração 86/300	Score atual: 0	Score Médio: 108
Geração 87/300	Score atual: 0	Score Médio: 111
Geração 88/300	Score atual: 0	Score Médio: 115
Geração 89/300	Score atual: 0	Score Médio: 124
Geração 90/300	Score atual: 0	Score Médio: 125
Geração 91/300	Score atual: 0	Score Médio: 128
Geração 92/300	Score atual: 0	Score Médio: 143
Geração 93/300	Score atual: 0	Score Médio: 140
Geração 94/300	Score atual: 0	Score Médio: 144
Geração 95/300	Score atual: 0	Score Médio: 149
Geração 96/300	Score atual: 0	Score Médio: 152
Geração 97/300	Score atual: 0	Score Médio: 151
Geração 98/300	Score atual: 0	Score Médio: 162
Geração 99/300	Score atual: 0	Score Médio: 153
Geração 100/300	Score atual: 0	Score Médio: 158
Geração 101/300	Score atual: 0	Score Médio: 150
Geração 102/300	Score atual: 0	Score Médio: 144
Geração 103/300	Score atual: 0	Score Médio: 143
Geração 104/300	Score atual: 0	Score Médio: 152
Geração 105/300	Score atual: 0	Score Médio: 153
Geração 106/300	Score atual: 0	Score Médio: 146
Geração 107/300	Score atual: 0	Score Médio: 132
Geração 108/300	Score atual: 0	Score Médio: 139
Geração 109/300	Score atual: 0	Score Médio: 150
Geração 110/300	Score atual: 0	Score Médio: 152
Geração 111/300	Score atual: 0	Score Médio: 139
Geração 112/300	Score atual: 0	Score Médio: 137
Geração 113/300	Score atual: 0	Score Médio: 143
Geração 114/300	Score atual: 0	Score Médio: 152
Geração 115/300	Score atual: 0	Score Médio: 159
Geração 116/300	Score atual: 0	Score Médio: 166
Geração 117/300	Score atual: 0	Score Médio: 187
Geração 118/300	Score atual: 0	Score Médio: 185
Geração 119/300	Score atual: 0	Score Médio: 171
Geração 120/300	Score atual: 0	Score Médio: 170
Geração 121/300	Score atual: 0	Score Médio: 176
Geração 122/300	Score atual: 0	Score Médio: 178
Geração 123/300	Score atual: 0	Score Médio: 189
Geração 124/300	Score atual: 0	Score Médio: 179
Geração 125/300	Score atual: 0	Score Médio: 171
Geração 126/300	Score atual: 0	Score Médio: 186
Geração 127/300	Score atual: 0	Score Médio: 178
Geração 128/300	Score atual: 0	Score Médio: 175
Geração 129/300	Score atual: 0	Score Médio: 179
Geração 130/300	Score atual: 0	Score Médio: 178
Geração 131/300	Score atual: 0	Score Médio: 168
Geração 132/300	Score atual: 0	Score Médio: 178
Geração 133/300	Score atual: 0	Score Médio: 183
Geração 134/300	Score atual: 0	Score Médio: 182
Geração 135/300	Score atual: 0	Score Médio: 190
Geração 136/300	Score atual: 0	Score Médio: 192
Geração 137/300	Score atual: 0	Score Médio: 198
Geração 138/300	Score atual: 0	Score Médio: 193
Geração 139/300	Score atual: 0	Score Médio: 192
Geração 140/300	Score atual: 0	Score Médio: 192
Geração 141/300	Score atual: 0	Score Médio: 186
Geração 142/300	Score atual: 0	Score Médio: 186
Geração 143/300	Score atual: 0	Score Médio: 169
Geração 144/300	Score atual: 0	Score Médio: 193
Geração 145/300	Score atual: 0	Score Médio: 173
Geração 146/300	Score atual: 0	Score Médio: 189
Geração 147/300	Score atual: 0	Score Médio: 178
Geração 148/300	Score atual: 0	Score Médio: 188
Geração 149/300	Score atual: 0	Score Médio: 180
Geração 150/300	Score atual: 0	Score Médio: 167
Geração 151/300	Score atual: 0	Score Médio: 151
Geração 152/300	Score atual: 0	Score Médio: 164
Geração 153/300	Score atual: 0	Score Médio: 157
Geração 154/300	Score atual: 0	Score Médio: 139
Geração 155/300	Score atual: 0	Score Médio: 142
Geração 156/300	Score atual: 0	Score Médio: 145
Geração 157/300	Score atual: 0	Score Médio: 147
Geração 158/300	Score atual: 0	Score Médio: 143
Geração 159/300	Score atual: 0	Score Médio: 147
Geração 160/300	Score atual: 0	Score Médio: 167
Geração 161/300	Score atual: 0	Score Médio: 167
Geração 162/300	Score atual: 0	Score Médio: 190
Geração 163/300	Score atual: 0	Score Médio: 180
Geração 164/300	Score atual: 0	Score Médio: 151
Geração 165/300	Score atual: 0	Score Médio: 149
Geração 166/300	Score atual: 0	Score Médio: 141
Geração 167/300	Score atual: 0	Score Médio: 152
Geração 168/300	Score atual: 0	Score Médio: 154
Geração 169/300	Score atual: 0	Score Médio: 148
Geração 170/300	Score atual: 0	Score Médio: 161
Geração 171/300	Score atual: 0	Score Médio: 170
Geração 172/300	Score atual: 0	Score Médio: 164
Geração 173/300	Score atual: 0	Score Médio: 178
Geração 174/300	Score atual: 0	Score Médio: 137
Geração 175/300	Score atual: 0	Score Médio: 116
Geração 176/300	Score atual: 0	Score Médio: 129
Geração 177/300	Score atual: 0	Score Médio: 123
Geração 178/300	Score atual: 0	Score Médio: 122
Geração 179/300	Score atual: 0	Score Médio: 117
Geração 180/300	Score atual: 0	Score Médio: 118
Geração 181/300	Score atual: 0	Score Médio: 125
Geração 182/300	Score atual: 0	Score Médio: 137
Geração 183/300	Score atual: 0	Score Médio: 138
Geração 184/300	Score atual: 0	Score Médio: 129
Geração 185/300	Score atual: 0	Score Médio: 139
Geração 186/300	Score atual: 0	Score Médio: 138
Geração 187/300	Score atual: 0	Score Médio: 123
Geração 188/300	Score atual: 0	Score Médio: 121
Geração 189/300	Score atual: 0	Score Médio: 111
Geração 190/300	Score atual: 0	Score Médio: 118
Geração 191/300	Score atual: 0	Score Médio: 124
Geração 192/300	Score atual: 0	Score Médio: 113
Geração 193/300	Score atual: 0	Score Médio: 129
Geração 194/300	Score atual: 0	Score Médio: 125
Geração 195/300	Score atual: 0	Score Médio: 123
Geração 196/300	Score atual: 0	Score Médio: 130
Geração 197/300	Score atual: 0	Score Médio: 117
Geração 198/300	Score atual: 0	Score Médio: 131
Geração 199/300	Score atual: 0	Score Médio: 121
Geração 200/300	Score atual: 0	Score Médio: 129
Geração 201/300	Score atual: 0	Score Médio: 125
Geração 202/300	Score atual: 0	Score Médio: 127
Geração 203/300	Score atual: 0	Score Médio: 134
Geração 204/300	Score atual: 0	Score Médio: 136
Geração 205/300	Score atual: 0	Score Médio: 139
Geração 206/300	Score atual: 0	Score Médio: 148
Geração 207/300	Score atual: 0	Score Médio: 142
Geração 208/300	Score atual: 0	Score Médio: 146
Geração 209/300	Score atual: 0	Score Médio: 143
Geração 210/300	Score atual: 0	Score Médio: 137
Geração 211/300	Score atual: 0	Score Médio: 147
Geração 212/300	Score atual: 0	Score Médio: 129
Geração 213/300	Score atual: 0	Score Médio: 131
Geração 214/300	Score atual: 0	Score Médio: 127
Geração 215/300	Score atual: 0	Score Médio: 140
Geração 216/300	Score atual: 0	Score Médio: 137
Geração 217/300	Score atual: 0	Score Médio: 128
Geração 218/300	Score atual: 0	Score Médio: 126
Geração 219/300	Score atual: 0	Score Médio: 129
Geração 220/300	Score atual: 0	Score Médio: 133
Geração 221/300	Score atual: 0	Score Médio: 150
Geração 222/300	Score atual: 0	Score Médio: 145
Geração 223/300	Score atual: 0	Score Médio: 157
Geração 224/300	Score atual: 0	Score Médio: 163
Geração 225/300	Score atual: 0	Score Médio: 193
Geração 226/300	Score atual: 0	Score Médio: 175
Geração 227/300	Score atual: 0	Score Médio: 174
Geração 228/300	Score atual: 0	Score Médio: 166
Geração 229/300	Score atual: 0	Score Médio: 174
Geração 230/300	Score atual: 0	Score Médio: 169
Geração 231/300	Score atual: 0	Score Médio: 174
Geração 232/300	Score atual: 0	Score Médio: 171
Geração 233/300	Score atual: 0	Score Médio: 180
Geração 234/300	Score atual: 0	Score Médio: 183
Geração 235/300	Score atual: 0	Score Médio: 180
Geração 236/300	Score atual: 0	Score Médio: 170
Geração 237/300	Score atual: 0	Score Médio: 165
Geração 238/300	Score atual: 0	Score Médio: 186
Geração 239/300	Score atual: 0	Score Médio: 200
Geração 240/300	Score atual: 0	Score Médio: 209
Geração 241/300	Score atual: 0	Score Médio: 202
Geração 242/300	Score atual: 0	Score Médio: 214
Geração 243/300	Score atual: 0	Score Médio: 211
Geração 244/300	Score atual: 0	Score Médio: 215
Geração 245/300	Score atual: 0	Score Médio: 233
Geração 246/300	Score atual: 0	Score Médio: 257
Geração 247/300	Score atual: 0	Score Médio: 240
Geração 248/300	Score atual: 0	Score Médio: 222
Geração 249/300	Score atual: 0	Score Médio: 204
Geração 250/300	Score atual: 0	Score Médio: 197
Geração 251/300	Score atual: 0	Score Médio: 177
Geração 252/300	Score atual: 0	Score Médio: 154
Geração 253/300	Score atual: 0	Score Médio: 154
Geração 254/300	Score atual: 0	Score Médio: 146
Geração 255/300	Score atual: 0	Score Médio: 153
Geração 256/300	Score atual: 0	Score Médio: 141
Geração 257/300	Score atual: 0	Score Médio: 155
Geração 258/300	Score atual: 0	Score Médio: 151
Geração 259/300	Score atual: 0	Score Médio: 136
Geração 260/300	Score atual: 0	Score Médio: 116
Geração 261/300	Score atual: 0	Score Médio: 129
Geração 262/300	Score atual: 0	Score Médio: 128
Geração 263/300	Score atual: 0	Score Médio: 108
Geração 264/300	Score atual: 0	Score Médio: 128
Geração 265/300	Score atual: 0	Score Médio: 122
Geração 266/300	Score atual: 0	Score Médio: 121
Geração 267/300	Score atual: 0	Score Médio: 113
Geração 268/300	Score atual: 0	Score Médio: 119
Geração 269/300	Score atual: 0	Score Médio: 137
Geração 270/300	Score atual: 0	Score Médio: 148
Geração 271/300	Score atual: 0	Score Médio: 129
Geração 272/300	Score atual: 0	Score Médio: 125
Geração 273/300	Score atual: 0	Score Médio: 140
Geração 274/300	Score atual: 0	Score Médio: 141
Geração 275/300	Score atual: 0	Score Médio: 142
Geração 276/300	Score atual: 0	Score Médio: 161
Geração 277/300	Score atual: 0	Score Médio: 190
Geração 278/300	Score atual: 0	Score Médio: 192
Geração 279/300	Score atual: 0	Score Médio: 190
Geração 280/300	Score atual: 0	Score Médio: 186
Geração 281/300	Score atual: 0	Score Médio: 185
Geração 282/300	Score atual: 0	Score Médio: 180
Geração 283/300	Score atual: 0	Score Médio: 182
Geração 284/300	Score atual: 0	Score Médio: 179
Geração 285/300	Score atual: 0	Score Médio: 162
Geração 286/300	Score atual: 0	Score Médio: 175
Geração 287/300	Score atual: 0	Score Médio: 184
Geração 288/300	Score atual: 0	Score Médio: 194
Geração 289/300	Score atual: 0	Score Médio: 197
Geração 290/300	Score atual: 0	Score Médio: 206
Geração 291/300	Score atual: 0	Score Médio: 185
Geração 292/300	Score atual: 0	Score Médio: 168
Geração 293/300	Score atual: 0	Score Médio: 165
Geração 294/300	Score atual: 0	Score Médio: 190
Geração 295/300	Score atual: 0	Score Médio: 177
Geração 296/300	Score atual: 0	Score Médio: 161
Geração 297/300	Score atual: 0	Score Médio: 162
Geração 298/300	Score atual: 0	Score Médio: 175
Geração 299/300	Score atual: 0	Score Médio: 168
Geração 300/300	Score atual: 0	Score Médio: 172


Rede final...
Hidden Layer 1 neuronio(s)
10  
 0  
Output melhor indivíduo:
20  
50  
100  
120  
